Starting to cloud models
Using TensorFlow backend.
WARNING:tensorflow:From /home/rshah98626/anaconda3/envs/myenv1/lib/python3.6/site-packages/tensorflow/python/framework/op_def_library.py:263: colocate_with (from tensorflow.python.framework.ops) is deprecated and will be removed in a future version.
Instructions for updating:
Colocations handled automatically by placer.
WARNING:tensorflow:From /home/rshah98626/anaconda3/envs/myenv1/lib/python3.6/site-packages/keras/backend/tensorflow_backend.py:3445: calling dropout (from tensorflow.python.ops.nn_ops) with keep_prob is deprecated and will be removed in a future version.
Instructions for updating:
Please use `rate` instead of `keep_prob`. Rate should be set to `rate = 1 - keep_prob`.
WARNING:tensorflow:From /home/rshah98626/anaconda3/envs/myenv1/lib/python3.6/site-packages/tensorflow/python/ops/math_ops.py:3066: to_int32 (from tensorflow.python.ops.math_ops) is deprecated and will be removed in a future version.
Instructions for updating:
Use tf.cast instead.
2019-05-15 15:48:17.918617: I tensorflow/core/platform/cpu_feature_guard.cc:141] Your CPU supports instructions that this TensorFlow binary was not compiled to use: SSE4.1 SSE4.2 AVX AVX2 FMA
2019-05-15 15:48:17.927467: I tensorflow/core/platform/profile_utils/cpu_utils.cc:94] CPU Frequency: 2300000000 Hz
2019-05-15 15:48:17.928406: I tensorflow/compiler/xla/service/service.cc:150] XLA service 0x55fea9af81d0 executing computations on platform Host. Devices:
2019-05-15 15:48:17.928452: I tensorflow/compiler/xla/service/service.cc:158]   StreamExecutor device (0): <undefined>, <undefined>
2019-05-15 15:48:19.983428: I tensorflow/stream_executor/cuda/cuda_gpu_executor.cc:998] successful NUMA node read from SysFS had negative value (-1), but there must be at least one NUMA node, so returning NUMA node zero
2019-05-15 15:48:19.983996: I tensorflow/compiler/xla/service/service.cc:150] XLA service 0x55fea9bce930 executing computations on platform CUDA. Devices:
2019-05-15 15:48:19.984032: I tensorflow/compiler/xla/service/service.cc:158]   StreamExecutor device (0): Tesla K80, Compute Capability 3.7
2019-05-15 15:48:19.984512: I tensorflow/core/common_runtime/gpu/gpu_device.cc:1433] Found device 0 with properties: 
name: Tesla K80 major: 3 minor: 7 memoryClockRate(GHz): 0.8235
pciBusID: 0000:00:04.0
totalMemory: 11.17GiB freeMemory: 11.10GiB
2019-05-15 15:48:19.984550: I tensorflow/core/common_runtime/gpu/gpu_device.cc:1512] Adding visible gpu devices: 0
2019-05-15 15:48:19.985649: I tensorflow/core/common_runtime/gpu/gpu_device.cc:984] Device interconnect StreamExecutor with strength 1 edge matrix:
2019-05-15 15:48:19.985685: I tensorflow/core/common_runtime/gpu/gpu_device.cc:990]      0 
2019-05-15 15:48:19.985693: I tensorflow/core/common_runtime/gpu/gpu_device.cc:1003] 0:   N 
2019-05-15 15:48:19.986011: I tensorflow/core/common_runtime/gpu/gpu_device.cc:1115] Created TensorFlow device (/job:localhost/replica:0/task:0/device:GPU:0 with 10801 MB memory) -> physical GPU (device: 0, name: Tesla K80, pci bus id: 0000:00:04.0, compute capability: 3.7)
2019-05-15 15:48:21.487685: I tensorflow/stream_executor/dso_loader.cc:152] successfully opened CUDA library libcublas.so.9.2 locally
Finished 2 fpz
Using TensorFlow backend.
WARNING:tensorflow:From /home/rshah98626/anaconda3/envs/myenv1/lib/python3.6/site-packages/tensorflow/python/framework/op_def_library.py:263: colocate_with (from tensorflow.python.framework.ops) is deprecated and will be removed in a future version.
Instructions for updating:
Colocations handled automatically by placer.
WARNING:tensorflow:From /home/rshah98626/anaconda3/envs/myenv1/lib/python3.6/site-packages/keras/backend/tensorflow_backend.py:3445: calling dropout (from tensorflow.python.ops.nn_ops) with keep_prob is deprecated and will be removed in a future version.
Instructions for updating:
Please use `rate` instead of `keep_prob`. Rate should be set to `rate = 1 - keep_prob`.
WARNING:tensorflow:From /home/rshah98626/anaconda3/envs/myenv1/lib/python3.6/site-packages/tensorflow/python/ops/math_ops.py:3066: to_int32 (from tensorflow.python.ops.math_ops) is deprecated and will be removed in a future version.
Instructions for updating:
Use tf.cast instead.
2019-05-15 16:01:01.505807: I tensorflow/core/platform/cpu_feature_guard.cc:141] Your CPU supports instructions that this TensorFlow binary was not compiled to use: SSE4.1 SSE4.2 AVX AVX2 FMA
2019-05-15 16:01:01.513718: I tensorflow/core/platform/profile_utils/cpu_utils.cc:94] CPU Frequency: 2300000000 Hz
2019-05-15 16:01:01.514545: I tensorflow/compiler/xla/service/service.cc:150] XLA service 0x55db94e2a6b0 executing computations on platform Host. Devices:
2019-05-15 16:01:01.514590: I tensorflow/compiler/xla/service/service.cc:158]   StreamExecutor device (0): <undefined>, <undefined>
2019-05-15 16:01:03.551134: I tensorflow/stream_executor/cuda/cuda_gpu_executor.cc:998] successful NUMA node read from SysFS had negative value (-1), but there must be at least one NUMA node, so returning NUMA node zero
2019-05-15 16:01:03.551721: I tensorflow/compiler/xla/service/service.cc:150] XLA service 0x55db94f00df0 executing computations on platform CUDA. Devices:
2019-05-15 16:01:03.553128: I tensorflow/compiler/xla/service/service.cc:158]   StreamExecutor device (0): Tesla K80, Compute Capability 3.7
2019-05-15 16:01:03.553518: I tensorflow/core/common_runtime/gpu/gpu_device.cc:1433] Found device 0 with properties: 
name: Tesla K80 major: 3 minor: 7 memoryClockRate(GHz): 0.8235
pciBusID: 0000:00:04.0
totalMemory: 11.17GiB freeMemory: 11.10GiB
2019-05-15 16:01:03.553549: I tensorflow/core/common_runtime/gpu/gpu_device.cc:1512] Adding visible gpu devices: 0
2019-05-15 16:01:03.554384: I tensorflow/core/common_runtime/gpu/gpu_device.cc:984] Device interconnect StreamExecutor with strength 1 edge matrix:
2019-05-15 16:01:03.554403: I tensorflow/core/common_runtime/gpu/gpu_device.cc:990]      0 
2019-05-15 16:01:03.554411: I tensorflow/core/common_runtime/gpu/gpu_device.cc:1003] 0:   N 
2019-05-15 16:01:03.554679: I tensorflow/core/common_runtime/gpu/gpu_device.cc:1115] Created TensorFlow device (/job:localhost/replica:0/task:0/device:GPU:0 with 10801 MB memory) -> physical GPU (device: 0, name: Tesla K80, pci bus id: 0000:00:04.0, compute capability: 3.7)
2019-05-15 16:01:05.088999: I tensorflow/stream_executor/dso_loader.cc:152] successfully opened CUDA library libcublas.so.9.2 locally
Finished 2 eog
Using TensorFlow backend.
WARNING:tensorflow:From /home/rshah98626/anaconda3/envs/myenv1/lib/python3.6/site-packages/tensorflow/python/framework/op_def_library.py:263: colocate_with (from tensorflow.python.framework.ops) is deprecated and will be removed in a future version.
Instructions for updating:
Colocations handled automatically by placer.
WARNING:tensorflow:From /home/rshah98626/anaconda3/envs/myenv1/lib/python3.6/site-packages/keras/backend/tensorflow_backend.py:3445: calling dropout (from tensorflow.python.ops.nn_ops) with keep_prob is deprecated and will be removed in a future version.
Instructions for updating:
Please use `rate` instead of `keep_prob`. Rate should be set to `rate = 1 - keep_prob`.
WARNING:tensorflow:From /home/rshah98626/anaconda3/envs/myenv1/lib/python3.6/site-packages/tensorflow/python/ops/math_ops.py:3066: to_int32 (from tensorflow.python.ops.math_ops) is deprecated and will be removed in a future version.
Instructions for updating:
Use tf.cast instead.
2019-05-15 16:13:40.016089: I tensorflow/core/platform/cpu_feature_guard.cc:141] Your CPU supports instructions that this TensorFlow binary was not compiled to use: SSE4.1 SSE4.2 AVX AVX2 FMA
2019-05-15 16:13:40.023067: I tensorflow/core/platform/profile_utils/cpu_utils.cc:94] CPU Frequency: 2300000000 Hz
2019-05-15 16:13:40.023932: I tensorflow/compiler/xla/service/service.cc:150] XLA service 0x556da55ebbd0 executing computations on platform Host. Devices:
2019-05-15 16:13:40.023962: I tensorflow/compiler/xla/service/service.cc:158]   StreamExecutor device (0): <undefined>, <undefined>
2019-05-15 16:13:42.106693: I tensorflow/stream_executor/cuda/cuda_gpu_executor.cc:998] successful NUMA node read from SysFS had negative value (-1), but there must be at least one NUMA node, so returning NUMA node zero
2019-05-15 16:13:42.107301: I tensorflow/compiler/xla/service/service.cc:150] XLA service 0x556da56c2300 executing computations on platform CUDA. Devices:
2019-05-15 16:13:42.107347: I tensorflow/compiler/xla/service/service.cc:158]   StreamExecutor device (0): Tesla K80, Compute Capability 3.7
2019-05-15 16:13:42.107821: I tensorflow/core/common_runtime/gpu/gpu_device.cc:1433] Found device 0 with properties: 
name: Tesla K80 major: 3 minor: 7 memoryClockRate(GHz): 0.8235
pciBusID: 0000:00:04.0
totalMemory: 11.17GiB freeMemory: 11.10GiB
2019-05-15 16:13:42.107844: I tensorflow/core/common_runtime/gpu/gpu_device.cc:1512] Adding visible gpu devices: 0
2019-05-15 16:13:42.108677: I tensorflow/core/common_runtime/gpu/gpu_device.cc:984] Device interconnect StreamExecutor with strength 1 edge matrix:
2019-05-15 16:13:42.108697: I tensorflow/core/common_runtime/gpu/gpu_device.cc:990]      0 
2019-05-15 16:13:42.108704: I tensorflow/core/common_runtime/gpu/gpu_device.cc:1003] 0:   N 
2019-05-15 16:13:42.108953: I tensorflow/core/common_runtime/gpu/gpu_device.cc:1115] Created TensorFlow device (/job:localhost/replica:0/task:0/device:GPU:0 with 10801 MB memory) -> physical GPU (device: 0, name: Tesla K80, pci bus id: 0000:00:04.0, compute capability: 3.7)
2019-05-15 16:13:43.628065: I tensorflow/stream_executor/dso_loader.cc:152] successfully opened CUDA library libcublas.so.9.2 locally
Finished 2 both
Using TensorFlow backend.
WARNING:tensorflow:From /home/rshah98626/anaconda3/envs/myenv1/lib/python3.6/site-packages/tensorflow/python/framework/op_def_library.py:263: colocate_with (from tensorflow.python.framework.ops) is deprecated and will be removed in a future version.
Instructions for updating:
Colocations handled automatically by placer.
WARNING:tensorflow:From /home/rshah98626/anaconda3/envs/myenv1/lib/python3.6/site-packages/keras/backend/tensorflow_backend.py:3445: calling dropout (from tensorflow.python.ops.nn_ops) with keep_prob is deprecated and will be removed in a future version.
Instructions for updating:
Please use `rate` instead of `keep_prob`. Rate should be set to `rate = 1 - keep_prob`.
WARNING:tensorflow:From /home/rshah98626/anaconda3/envs/myenv1/lib/python3.6/site-packages/tensorflow/python/ops/math_ops.py:3066: to_int32 (from tensorflow.python.ops.math_ops) is deprecated and will be removed in a future version.
Instructions for updating:
Use tf.cast instead.
2019-05-15 16:26:20.688930: I tensorflow/core/platform/cpu_feature_guard.cc:141] Your CPU supports instructions that this TensorFlow binary was not compiled to use: SSE4.1 SSE4.2 AVX AVX2 FMA
2019-05-15 16:26:20.696616: I tensorflow/core/platform/profile_utils/cpu_utils.cc:94] CPU Frequency: 2300000000 Hz
2019-05-15 16:26:20.697348: I tensorflow/compiler/xla/service/service.cc:150] XLA service 0x55bc24f851f0 executing computations on platform Host. Devices:
2019-05-15 16:26:20.697381: I tensorflow/compiler/xla/service/service.cc:158]   StreamExecutor device (0): <undefined>, <undefined>
2019-05-15 16:26:22.720799: I tensorflow/stream_executor/cuda/cuda_gpu_executor.cc:998] successful NUMA node read from SysFS had negative value (-1), but there must be at least one NUMA node, so returning NUMA node zero
2019-05-15 16:26:22.721368: I tensorflow/compiler/xla/service/service.cc:150] XLA service 0x55bc2505b950 executing computations on platform CUDA. Devices:
2019-05-15 16:26:22.721403: I tensorflow/compiler/xla/service/service.cc:158]   StreamExecutor device (0): Tesla K80, Compute Capability 3.7
2019-05-15 16:26:22.721809: I tensorflow/core/common_runtime/gpu/gpu_device.cc:1433] Found device 0 with properties: 
name: Tesla K80 major: 3 minor: 7 memoryClockRate(GHz): 0.8235
pciBusID: 0000:00:04.0
totalMemory: 11.17GiB freeMemory: 11.10GiB
2019-05-15 16:26:22.721832: I tensorflow/core/common_runtime/gpu/gpu_device.cc:1512] Adding visible gpu devices: 0
2019-05-15 16:26:22.722782: I tensorflow/core/common_runtime/gpu/gpu_device.cc:984] Device interconnect StreamExecutor with strength 1 edge matrix:
2019-05-15 16:26:22.722812: I tensorflow/core/common_runtime/gpu/gpu_device.cc:990]      0 
2019-05-15 16:26:22.722820: I tensorflow/core/common_runtime/gpu/gpu_device.cc:1003] 0:   N 
2019-05-15 16:26:22.723126: I tensorflow/core/common_runtime/gpu/gpu_device.cc:1115] Created TensorFlow device (/job:localhost/replica:0/task:0/device:GPU:0 with 10801 MB memory) -> physical GPU (device: 0, name: Tesla K80, pci bus id: 0000:00:04.0, compute capability: 3.7)
2019-05-15 16:26:24.212186: I tensorflow/stream_executor/dso_loader.cc:152] successfully opened CUDA library libcublas.so.9.2 locally
Finished 6 fpz
Using TensorFlow backend.
WARNING:tensorflow:From /home/rshah98626/anaconda3/envs/myenv1/lib/python3.6/site-packages/tensorflow/python/framework/op_def_library.py:263: colocate_with (from tensorflow.python.framework.ops) is deprecated and will be removed in a future version.
Instructions for updating:
Colocations handled automatically by placer.
WARNING:tensorflow:From /home/rshah98626/anaconda3/envs/myenv1/lib/python3.6/site-packages/keras/backend/tensorflow_backend.py:3445: calling dropout (from tensorflow.python.ops.nn_ops) with keep_prob is deprecated and will be removed in a future version.
Instructions for updating:
Please use `rate` instead of `keep_prob`. Rate should be set to `rate = 1 - keep_prob`.
WARNING:tensorflow:From /home/rshah98626/anaconda3/envs/myenv1/lib/python3.6/site-packages/tensorflow/python/ops/math_ops.py:3066: to_int32 (from tensorflow.python.ops.math_ops) is deprecated and will be removed in a future version.
Instructions for updating:
Use tf.cast instead.
2019-05-15 16:39:00.610989: I tensorflow/core/platform/cpu_feature_guard.cc:141] Your CPU supports instructions that this TensorFlow binary was not compiled to use: SSE4.1 SSE4.2 AVX AVX2 FMA
2019-05-15 16:39:00.618546: I tensorflow/core/platform/profile_utils/cpu_utils.cc:94] CPU Frequency: 2300000000 Hz
2019-05-15 16:39:00.619683: I tensorflow/compiler/xla/service/service.cc:150] XLA service 0x55c30b104f70 executing computations on platform Host. Devices:
2019-05-15 16:39:00.619714: I tensorflow/compiler/xla/service/service.cc:158]   StreamExecutor device (0): <undefined>, <undefined>
2019-05-15 16:39:02.675561: I tensorflow/stream_executor/cuda/cuda_gpu_executor.cc:998] successful NUMA node read from SysFS had negative value (-1), but there must be at least one NUMA node, so returning NUMA node zero
2019-05-15 16:39:02.676123: I tensorflow/compiler/xla/service/service.cc:150] XLA service 0x55c30b1db6c0 executing computations on platform CUDA. Devices:
2019-05-15 16:39:02.676163: I tensorflow/compiler/xla/service/service.cc:158]   StreamExecutor device (0): Tesla K80, Compute Capability 3.7
2019-05-15 16:39:02.676589: I tensorflow/core/common_runtime/gpu/gpu_device.cc:1433] Found device 0 with properties: 
name: Tesla K80 major: 3 minor: 7 memoryClockRate(GHz): 0.8235
pciBusID: 0000:00:04.0
totalMemory: 11.17GiB freeMemory: 11.10GiB
2019-05-15 16:39:02.676614: I tensorflow/core/common_runtime/gpu/gpu_device.cc:1512] Adding visible gpu devices: 0
2019-05-15 16:39:02.677547: I tensorflow/core/common_runtime/gpu/gpu_device.cc:984] Device interconnect StreamExecutor with strength 1 edge matrix:
2019-05-15 16:39:02.677585: I tensorflow/core/common_runtime/gpu/gpu_device.cc:990]      0 
2019-05-15 16:39:02.677593: I tensorflow/core/common_runtime/gpu/gpu_device.cc:1003] 0:   N 
2019-05-15 16:39:02.677852: I tensorflow/core/common_runtime/gpu/gpu_device.cc:1115] Created TensorFlow device (/job:localhost/replica:0/task:0/device:GPU:0 with 10801 MB memory) -> physical GPU (device: 0, name: Tesla K80, pci bus id: 0000:00:04.0, compute capability: 3.7)
2019-05-15 16:39:04.200408: I tensorflow/stream_executor/dso_loader.cc:152] successfully opened CUDA library libcublas.so.9.2 locally
Finished 6 eog
Using TensorFlow backend.
WARNING:tensorflow:From /home/rshah98626/anaconda3/envs/myenv1/lib/python3.6/site-packages/tensorflow/python/framework/op_def_library.py:263: colocate_with (from tensorflow.python.framework.ops) is deprecated and will be removed in a future version.
Instructions for updating:
Colocations handled automatically by placer.
WARNING:tensorflow:From /home/rshah98626/anaconda3/envs/myenv1/lib/python3.6/site-packages/keras/backend/tensorflow_backend.py:3445: calling dropout (from tensorflow.python.ops.nn_ops) with keep_prob is deprecated and will be removed in a future version.
Instructions for updating:
Please use `rate` instead of `keep_prob`. Rate should be set to `rate = 1 - keep_prob`.
WARNING:tensorflow:From /home/rshah98626/anaconda3/envs/myenv1/lib/python3.6/site-packages/tensorflow/python/ops/math_ops.py:3066: to_int32 (from tensorflow.python.ops.math_ops) is deprecated and will be removed in a future version.
Instructions for updating:
Use tf.cast instead.
2019-05-15 16:51:40.546916: I tensorflow/core/platform/cpu_feature_guard.cc:141] Your CPU supports instructions that this TensorFlow binary was not compiled to use: SSE4.1 SSE4.2 AVX AVX2 FMA
2019-05-15 16:51:40.554258: I tensorflow/core/platform/profile_utils/cpu_utils.cc:94] CPU Frequency: 2300000000 Hz
2019-05-15 16:51:40.555068: I tensorflow/compiler/xla/service/service.cc:150] XLA service 0x5612549adf10 executing computations on platform Host. Devices:
2019-05-15 16:51:40.555102: I tensorflow/compiler/xla/service/service.cc:158]   StreamExecutor device (0): <undefined>, <undefined>
2019-05-15 16:51:42.594144: I tensorflow/stream_executor/cuda/cuda_gpu_executor.cc:998] successful NUMA node read from SysFS had negative value (-1), but there must be at least one NUMA node, so returning NUMA node zero
2019-05-15 16:51:42.594759: I tensorflow/compiler/xla/service/service.cc:150] XLA service 0x561254a84660 executing computations on platform CUDA. Devices:
2019-05-15 16:51:42.594803: I tensorflow/compiler/xla/service/service.cc:158]   StreamExecutor device (0): Tesla K80, Compute Capability 3.7
2019-05-15 16:51:42.595310: I tensorflow/core/common_runtime/gpu/gpu_device.cc:1433] Found device 0 with properties: 
name: Tesla K80 major: 3 minor: 7 memoryClockRate(GHz): 0.8235
pciBusID: 0000:00:04.0
totalMemory: 11.17GiB freeMemory: 11.10GiB
2019-05-15 16:51:42.595347: I tensorflow/core/common_runtime/gpu/gpu_device.cc:1512] Adding visible gpu devices: 0
2019-05-15 16:51:42.596232: I tensorflow/core/common_runtime/gpu/gpu_device.cc:984] Device interconnect StreamExecutor with strength 1 edge matrix:
2019-05-15 16:51:42.596251: I tensorflow/core/common_runtime/gpu/gpu_device.cc:990]      0 
2019-05-15 16:51:42.596259: I tensorflow/core/common_runtime/gpu/gpu_device.cc:1003] 0:   N 
2019-05-15 16:51:42.596523: I tensorflow/core/common_runtime/gpu/gpu_device.cc:1115] Created TensorFlow device (/job:localhost/replica:0/task:0/device:GPU:0 with 10801 MB memory) -> physical GPU (device: 0, name: Tesla K80, pci bus id: 0000:00:04.0, compute capability: 3.7)
2019-05-15 16:51:44.130921: I tensorflow/stream_executor/dso_loader.cc:152] successfully opened CUDA library libcublas.so.9.2 locally
Finished 6 both
Using TensorFlow backend.
WARNING:tensorflow:From /home/rshah98626/anaconda3/envs/myenv1/lib/python3.6/site-packages/tensorflow/python/framework/op_def_library.py:263: colocate_with (from tensorflow.python.framework.ops) is deprecated and will be removed in a future version.
Instructions for updating:
Colocations handled automatically by placer.
WARNING:tensorflow:From /home/rshah98626/anaconda3/envs/myenv1/lib/python3.6/site-packages/keras/backend/tensorflow_backend.py:3445: calling dropout (from tensorflow.python.ops.nn_ops) with keep_prob is deprecated and will be removed in a future version.
Instructions for updating:
Please use `rate` instead of `keep_prob`. Rate should be set to `rate = 1 - keep_prob`.
WARNING:tensorflow:From /home/rshah98626/anaconda3/envs/myenv1/lib/python3.6/site-packages/tensorflow/python/ops/math_ops.py:3066: to_int32 (from tensorflow.python.ops.math_ops) is deprecated and will be removed in a future version.
Instructions for updating:
Use tf.cast instead.
2019-05-15 17:04:20.695650: I tensorflow/core/platform/cpu_feature_guard.cc:141] Your CPU supports instructions that this TensorFlow binary was not compiled to use: SSE4.1 SSE4.2 AVX AVX2 FMA
2019-05-15 17:04:20.703224: I tensorflow/core/platform/profile_utils/cpu_utils.cc:94] CPU Frequency: 2300000000 Hz
2019-05-15 17:04:20.704007: I tensorflow/compiler/xla/service/service.cc:150] XLA service 0x55dec4f8f450 executing computations on platform Host. Devices:
2019-05-15 17:04:20.704040: I tensorflow/compiler/xla/service/service.cc:158]   StreamExecutor device (0): <undefined>, <undefined>
2019-05-15 17:04:22.736351: I tensorflow/stream_executor/cuda/cuda_gpu_executor.cc:998] successful NUMA node read from SysFS had negative value (-1), but there must be at least one NUMA node, so returning NUMA node zero
2019-05-15 17:04:22.736917: I tensorflow/compiler/xla/service/service.cc:150] XLA service 0x55dec5065b80 executing computations on platform CUDA. Devices:
2019-05-15 17:04:22.736964: I tensorflow/compiler/xla/service/service.cc:158]   StreamExecutor device (0): Tesla K80, Compute Capability 3.7
2019-05-15 17:04:22.737398: I tensorflow/core/common_runtime/gpu/gpu_device.cc:1433] Found device 0 with properties: 
name: Tesla K80 major: 3 minor: 7 memoryClockRate(GHz): 0.8235
pciBusID: 0000:00:04.0
totalMemory: 11.17GiB freeMemory: 11.10GiB
2019-05-15 17:04:22.737422: I tensorflow/core/common_runtime/gpu/gpu_device.cc:1512] Adding visible gpu devices: 0
2019-05-15 17:04:22.738224: I tensorflow/core/common_runtime/gpu/gpu_device.cc:984] Device interconnect StreamExecutor with strength 1 edge matrix:
2019-05-15 17:04:22.738252: I tensorflow/core/common_runtime/gpu/gpu_device.cc:990]      0 
2019-05-15 17:04:22.738259: I tensorflow/core/common_runtime/gpu/gpu_device.cc:1003] 0:   N 
2019-05-15 17:04:22.738597: I tensorflow/core/common_runtime/gpu/gpu_device.cc:1115] Created TensorFlow device (/job:localhost/replica:0/task:0/device:GPU:0 with 10801 MB memory) -> physical GPU (device: 0, name: Tesla K80, pci bus id: 0000:00:04.0, compute capability: 3.7)
2019-05-15 17:04:24.250253: I tensorflow/stream_executor/dso_loader.cc:152] successfully opened CUDA library libcublas.so.9.2 locally
Finished 5 fpz
Using TensorFlow backend.
WARNING:tensorflow:From /home/rshah98626/anaconda3/envs/myenv1/lib/python3.6/site-packages/tensorflow/python/framework/op_def_library.py:263: colocate_with (from tensorflow.python.framework.ops) is deprecated and will be removed in a future version.
Instructions for updating:
Colocations handled automatically by placer.
WARNING:tensorflow:From /home/rshah98626/anaconda3/envs/myenv1/lib/python3.6/site-packages/keras/backend/tensorflow_backend.py:3445: calling dropout (from tensorflow.python.ops.nn_ops) with keep_prob is deprecated and will be removed in a future version.
Instructions for updating:
Please use `rate` instead of `keep_prob`. Rate should be set to `rate = 1 - keep_prob`.
WARNING:tensorflow:From /home/rshah98626/anaconda3/envs/myenv1/lib/python3.6/site-packages/tensorflow/python/ops/math_ops.py:3066: to_int32 (from tensorflow.python.ops.math_ops) is deprecated and will be removed in a future version.
Instructions for updating:
Use tf.cast instead.
2019-05-15 17:17:03.123075: I tensorflow/core/platform/cpu_feature_guard.cc:141] Your CPU supports instructions that this TensorFlow binary was not compiled to use: SSE4.1 SSE4.2 AVX AVX2 FMA
2019-05-15 17:17:03.131878: I tensorflow/core/platform/profile_utils/cpu_utils.cc:94] CPU Frequency: 2300000000 Hz
2019-05-15 17:17:03.132580: I tensorflow/compiler/xla/service/service.cc:150] XLA service 0x55dca93b2ff0 executing computations on platform Host. Devices:
2019-05-15 17:17:03.132613: I tensorflow/compiler/xla/service/service.cc:158]   StreamExecutor device (0): <undefined>, <undefined>
2019-05-15 17:17:05.158659: I tensorflow/stream_executor/cuda/cuda_gpu_executor.cc:998] successful NUMA node read from SysFS had negative value (-1), but there must be at least one NUMA node, so returning NUMA node zero
2019-05-15 17:17:05.159229: I tensorflow/compiler/xla/service/service.cc:150] XLA service 0x55dca9489750 executing computations on platform CUDA. Devices:
2019-05-15 17:17:05.159303: I tensorflow/compiler/xla/service/service.cc:158]   StreamExecutor device (0): Tesla K80, Compute Capability 3.7
2019-05-15 17:17:05.159773: I tensorflow/core/common_runtime/gpu/gpu_device.cc:1433] Found device 0 with properties: 
name: Tesla K80 major: 3 minor: 7 memoryClockRate(GHz): 0.8235
pciBusID: 0000:00:04.0
totalMemory: 11.17GiB freeMemory: 11.10GiB
2019-05-15 17:17:05.159796: I tensorflow/core/common_runtime/gpu/gpu_device.cc:1512] Adding visible gpu devices: 0
2019-05-15 17:17:05.160692: I tensorflow/core/common_runtime/gpu/gpu_device.cc:984] Device interconnect StreamExecutor with strength 1 edge matrix:
2019-05-15 17:17:05.160711: I tensorflow/core/common_runtime/gpu/gpu_device.cc:990]      0 
2019-05-15 17:17:05.160719: I tensorflow/core/common_runtime/gpu/gpu_device.cc:1003] 0:   N 
2019-05-15 17:17:05.160966: I tensorflow/core/common_runtime/gpu/gpu_device.cc:1115] Created TensorFlow device (/job:localhost/replica:0/task:0/device:GPU:0 with 10801 MB memory) -> physical GPU (device: 0, name: Tesla K80, pci bus id: 0000:00:04.0, compute capability: 3.7)
2019-05-15 17:17:06.692667: I tensorflow/stream_executor/dso_loader.cc:152] successfully opened CUDA library libcublas.so.9.2 locally
Finished 5 eog
Using TensorFlow backend.
WARNING:tensorflow:From /home/rshah98626/anaconda3/envs/myenv1/lib/python3.6/site-packages/tensorflow/python/framework/op_def_library.py:263: colocate_with (from tensorflow.python.framework.ops) is deprecated and will be removed in a future version.
Instructions for updating:
Colocations handled automatically by placer.
WARNING:tensorflow:From /home/rshah98626/anaconda3/envs/myenv1/lib/python3.6/site-packages/keras/backend/tensorflow_backend.py:3445: calling dropout (from tensorflow.python.ops.nn_ops) with keep_prob is deprecated and will be removed in a future version.
Instructions for updating:
Please use `rate` instead of `keep_prob`. Rate should be set to `rate = 1 - keep_prob`.
WARNING:tensorflow:From /home/rshah98626/anaconda3/envs/myenv1/lib/python3.6/site-packages/tensorflow/python/ops/math_ops.py:3066: to_int32 (from tensorflow.python.ops.math_ops) is deprecated and will be removed in a future version.
Instructions for updating:
Use tf.cast instead.
2019-05-15 17:29:47.345525: I tensorflow/core/platform/cpu_feature_guard.cc:141] Your CPU supports instructions that this TensorFlow binary was not compiled to use: SSE4.1 SSE4.2 AVX AVX2 FMA
2019-05-15 17:29:47.353327: I tensorflow/core/platform/profile_utils/cpu_utils.cc:94] CPU Frequency: 2300000000 Hz
2019-05-15 17:29:47.354646: I tensorflow/compiler/xla/service/service.cc:150] XLA service 0x559a5c1eb180 executing computations on platform Host. Devices:
2019-05-15 17:29:47.354678: I tensorflow/compiler/xla/service/service.cc:158]   StreamExecutor device (0): <undefined>, <undefined>
2019-05-15 17:29:49.357281: I tensorflow/stream_executor/cuda/cuda_gpu_executor.cc:998] successful NUMA node read from SysFS had negative value (-1), but there must be at least one NUMA node, so returning NUMA node zero
2019-05-15 17:29:49.357878: I tensorflow/compiler/xla/service/service.cc:150] XLA service 0x559a5c2c18e0 executing computations on platform CUDA. Devices:
2019-05-15 17:29:49.359331: I tensorflow/compiler/xla/service/service.cc:158]   StreamExecutor device (0): Tesla K80, Compute Capability 3.7
2019-05-15 17:29:49.359824: I tensorflow/core/common_runtime/gpu/gpu_device.cc:1433] Found device 0 with properties: 
name: Tesla K80 major: 3 minor: 7 memoryClockRate(GHz): 0.8235
pciBusID: 0000:00:04.0
totalMemory: 11.17GiB freeMemory: 11.10GiB
2019-05-15 17:29:49.359852: I tensorflow/core/common_runtime/gpu/gpu_device.cc:1512] Adding visible gpu devices: 0
2019-05-15 17:29:49.360851: I tensorflow/core/common_runtime/gpu/gpu_device.cc:984] Device interconnect StreamExecutor with strength 1 edge matrix:
2019-05-15 17:29:49.360874: I tensorflow/core/common_runtime/gpu/gpu_device.cc:990]      0 
2019-05-15 17:29:49.360882: I tensorflow/core/common_runtime/gpu/gpu_device.cc:1003] 0:   N 
2019-05-15 17:29:49.361160: I tensorflow/core/common_runtime/gpu/gpu_device.cc:1115] Created TensorFlow device (/job:localhost/replica:0/task:0/device:GPU:0 with 10801 MB memory) -> physical GPU (device: 0, name: Tesla K80, pci bus id: 0000:00:04.0, compute capability: 3.7)
2019-05-15 17:29:50.855220: I tensorflow/stream_executor/dso_loader.cc:152] successfully opened CUDA library libcublas.so.9.2 locally
Finished 5 both
Using TensorFlow backend.
WARNING:tensorflow:From /home/rshah98626/anaconda3/envs/myenv1/lib/python3.6/site-packages/tensorflow/python/framework/op_def_library.py:263: colocate_with (from tensorflow.python.framework.ops) is deprecated and will be removed in a future version.
Instructions for updating:
Colocations handled automatically by placer.
WARNING:tensorflow:From /home/rshah98626/anaconda3/envs/myenv1/lib/python3.6/site-packages/keras/backend/tensorflow_backend.py:3445: calling dropout (from tensorflow.python.ops.nn_ops) with keep_prob is deprecated and will be removed in a future version.
Instructions for updating:
Please use `rate` instead of `keep_prob`. Rate should be set to `rate = 1 - keep_prob`.
WARNING:tensorflow:From /home/rshah98626/anaconda3/envs/myenv1/lib/python3.6/site-packages/tensorflow/python/ops/math_ops.py:3066: to_int32 (from tensorflow.python.ops.math_ops) is deprecated and will be removed in a future version.
Instructions for updating:
Use tf.cast instead.
2019-05-15 17:42:34.692931: I tensorflow/core/platform/cpu_feature_guard.cc:141] Your CPU supports instructions that this TensorFlow binary was not compiled to use: SSE4.1 SSE4.2 AVX AVX2 FMA
2019-05-15 17:42:34.700353: I tensorflow/core/platform/profile_utils/cpu_utils.cc:94] CPU Frequency: 2300000000 Hz
2019-05-15 17:42:34.701239: I tensorflow/compiler/xla/service/service.cc:150] XLA service 0x5572d1ab6350 executing computations on platform Host. Devices:
2019-05-15 17:42:34.701270: I tensorflow/compiler/xla/service/service.cc:158]   StreamExecutor device (0): <undefined>, <undefined>
2019-05-15 17:42:36.728492: I tensorflow/stream_executor/cuda/cuda_gpu_executor.cc:998] successful NUMA node read from SysFS had negative value (-1), but there must be at least one NUMA node, so returning NUMA node zero
2019-05-15 17:42:36.729109: I tensorflow/compiler/xla/service/service.cc:150] XLA service 0x5572d1b8ca90 executing computations on platform CUDA. Devices:
2019-05-15 17:42:36.729176: I tensorflow/compiler/xla/service/service.cc:158]   StreamExecutor device (0): Tesla K80, Compute Capability 3.7
2019-05-15 17:42:36.729572: I tensorflow/core/common_runtime/gpu/gpu_device.cc:1433] Found device 0 with properties: 
name: Tesla K80 major: 3 minor: 7 memoryClockRate(GHz): 0.8235
pciBusID: 0000:00:04.0
totalMemory: 11.17GiB freeMemory: 11.10GiB
2019-05-15 17:42:36.729596: I tensorflow/core/common_runtime/gpu/gpu_device.cc:1512] Adding visible gpu devices: 0
2019-05-15 17:42:36.730556: I tensorflow/core/common_runtime/gpu/gpu_device.cc:984] Device interconnect StreamExecutor with strength 1 edge matrix:
2019-05-15 17:42:36.730577: I tensorflow/core/common_runtime/gpu/gpu_device.cc:990]      0 
2019-05-15 17:42:36.730585: I tensorflow/core/common_runtime/gpu/gpu_device.cc:1003] 0:   N 
2019-05-15 17:42:36.730842: I tensorflow/core/common_runtime/gpu/gpu_device.cc:1115] Created TensorFlow device (/job:localhost/replica:0/task:0/device:GPU:0 with 10801 MB memory) -> physical GPU (device: 0, name: Tesla K80, pci bus id: 0000:00:04.0, compute capability: 3.7)
2019-05-15 17:42:38.249970: I tensorflow/stream_executor/dso_loader.cc:152] successfully opened CUDA library libcublas.so.9.2 locally
Finished 4 fpz
Using TensorFlow backend.
WARNING:tensorflow:From /home/rshah98626/anaconda3/envs/myenv1/lib/python3.6/site-packages/tensorflow/python/framework/op_def_library.py:263: colocate_with (from tensorflow.python.framework.ops) is deprecated and will be removed in a future version.
Instructions for updating:
Colocations handled automatically by placer.
WARNING:tensorflow:From /home/rshah98626/anaconda3/envs/myenv1/lib/python3.6/site-packages/keras/backend/tensorflow_backend.py:3445: calling dropout (from tensorflow.python.ops.nn_ops) with keep_prob is deprecated and will be removed in a future version.
Instructions for updating:
Please use `rate` instead of `keep_prob`. Rate should be set to `rate = 1 - keep_prob`.
WARNING:tensorflow:From /home/rshah98626/anaconda3/envs/myenv1/lib/python3.6/site-packages/tensorflow/python/ops/math_ops.py:3066: to_int32 (from tensorflow.python.ops.math_ops) is deprecated and will be removed in a future version.
Instructions for updating:
Use tf.cast instead.
2019-05-15 17:55:18.765715: I tensorflow/core/platform/cpu_feature_guard.cc:141] Your CPU supports instructions that this TensorFlow binary was not compiled to use: SSE4.1 SSE4.2 AVX AVX2 FMA
2019-05-15 17:55:18.773682: I tensorflow/core/platform/profile_utils/cpu_utils.cc:94] CPU Frequency: 2300000000 Hz
2019-05-15 17:55:18.774708: I tensorflow/compiler/xla/service/service.cc:150] XLA service 0x558d632a6700 executing computations on platform Host. Devices:
2019-05-15 17:55:18.774745: I tensorflow/compiler/xla/service/service.cc:158]   StreamExecutor device (0): <undefined>, <undefined>
2019-05-15 17:55:20.808274: I tensorflow/stream_executor/cuda/cuda_gpu_executor.cc:998] successful NUMA node read from SysFS had negative value (-1), but there must be at least one NUMA node, so returning NUMA node zero
2019-05-15 17:55:20.808900: I tensorflow/compiler/xla/service/service.cc:150] XLA service 0x558d6337ce40 executing computations on platform CUDA. Devices:
2019-05-15 17:55:20.808936: I tensorflow/compiler/xla/service/service.cc:158]   StreamExecutor device (0): Tesla K80, Compute Capability 3.7
2019-05-15 17:55:20.809352: I tensorflow/core/common_runtime/gpu/gpu_device.cc:1433] Found device 0 with properties: 
name: Tesla K80 major: 3 minor: 7 memoryClockRate(GHz): 0.8235
pciBusID: 0000:00:04.0
totalMemory: 11.17GiB freeMemory: 11.10GiB
2019-05-15 17:55:20.809378: I tensorflow/core/common_runtime/gpu/gpu_device.cc:1512] Adding visible gpu devices: 0
2019-05-15 17:55:20.810330: I tensorflow/core/common_runtime/gpu/gpu_device.cc:984] Device interconnect StreamExecutor with strength 1 edge matrix:
2019-05-15 17:55:20.810351: I tensorflow/core/common_runtime/gpu/gpu_device.cc:990]      0 
2019-05-15 17:55:20.810358: I tensorflow/core/common_runtime/gpu/gpu_device.cc:1003] 0:   N 
2019-05-15 17:55:20.810623: I tensorflow/core/common_runtime/gpu/gpu_device.cc:1115] Created TensorFlow device (/job:localhost/replica:0/task:0/device:GPU:0 with 10801 MB memory) -> physical GPU (device: 0, name: Tesla K80, pci bus id: 0000:00:04.0, compute capability: 3.7)
2019-05-15 17:55:22.353912: I tensorflow/stream_executor/dso_loader.cc:152] successfully opened CUDA library libcublas.so.9.2 locally
Finished 4 eog
Using TensorFlow backend.
WARNING:tensorflow:From /home/rshah98626/anaconda3/envs/myenv1/lib/python3.6/site-packages/tensorflow/python/framework/op_def_library.py:263: colocate_with (from tensorflow.python.framework.ops) is deprecated and will be removed in a future version.
Instructions for updating:
Colocations handled automatically by placer.
WARNING:tensorflow:From /home/rshah98626/anaconda3/envs/myenv1/lib/python3.6/site-packages/keras/backend/tensorflow_backend.py:3445: calling dropout (from tensorflow.python.ops.nn_ops) with keep_prob is deprecated and will be removed in a future version.
Instructions for updating:
Please use `rate` instead of `keep_prob`. Rate should be set to `rate = 1 - keep_prob`.
WARNING:tensorflow:From /home/rshah98626/anaconda3/envs/myenv1/lib/python3.6/site-packages/tensorflow/python/ops/math_ops.py:3066: to_int32 (from tensorflow.python.ops.math_ops) is deprecated and will be removed in a future version.
Instructions for updating:
Use tf.cast instead.
2019-05-15 18:08:03.461729: I tensorflow/core/platform/cpu_feature_guard.cc:141] Your CPU supports instructions that this TensorFlow binary was not compiled to use: SSE4.1 SSE4.2 AVX AVX2 FMA
2019-05-15 18:08:03.469190: I tensorflow/core/platform/profile_utils/cpu_utils.cc:94] CPU Frequency: 2300000000 Hz
2019-05-15 18:08:03.469810: I tensorflow/compiler/xla/service/service.cc:150] XLA service 0x56336ce239d0 executing computations on platform Host. Devices:
2019-05-15 18:08:03.469868: I tensorflow/compiler/xla/service/service.cc:158]   StreamExecutor device (0): <undefined>, <undefined>
2019-05-15 18:08:05.506344: I tensorflow/stream_executor/cuda/cuda_gpu_executor.cc:998] successful NUMA node read from SysFS had negative value (-1), but there must be at least one NUMA node, so returning NUMA node zero
2019-05-15 18:08:05.506957: I tensorflow/compiler/xla/service/service.cc:150] XLA service 0x56336cefa110 executing computations on platform CUDA. Devices:
2019-05-15 18:08:05.506993: I tensorflow/compiler/xla/service/service.cc:158]   StreamExecutor device (0): Tesla K80, Compute Capability 3.7
2019-05-15 18:08:05.507368: I tensorflow/core/common_runtime/gpu/gpu_device.cc:1433] Found device 0 with properties: 
name: Tesla K80 major: 3 minor: 7 memoryClockRate(GHz): 0.8235
pciBusID: 0000:00:04.0
totalMemory: 11.17GiB freeMemory: 11.10GiB
2019-05-15 18:08:05.507393: I tensorflow/core/common_runtime/gpu/gpu_device.cc:1512] Adding visible gpu devices: 0
2019-05-15 18:08:05.508216: I tensorflow/core/common_runtime/gpu/gpu_device.cc:984] Device interconnect StreamExecutor with strength 1 edge matrix:
2019-05-15 18:08:05.508236: I tensorflow/core/common_runtime/gpu/gpu_device.cc:990]      0 
2019-05-15 18:08:05.508243: I tensorflow/core/common_runtime/gpu/gpu_device.cc:1003] 0:   N 
2019-05-15 18:08:05.508498: I tensorflow/core/common_runtime/gpu/gpu_device.cc:1115] Created TensorFlow device (/job:localhost/replica:0/task:0/device:GPU:0 with 10801 MB memory) -> physical GPU (device: 0, name: Tesla K80, pci bus id: 0000:00:04.0, compute capability: 3.7)
2019-05-15 18:08:07.027218: I tensorflow/stream_executor/dso_loader.cc:152] successfully opened CUDA library libcublas.so.9.2 locally
Finished 4 both
Using TensorFlow backend.
WARNING:tensorflow:From /home/rshah98626/anaconda3/envs/myenv1/lib/python3.6/site-packages/tensorflow/python/framework/op_def_library.py:263: colocate_with (from tensorflow.python.framework.ops) is deprecated and will be removed in a future version.
Instructions for updating:
Colocations handled automatically by placer.
WARNING:tensorflow:From /home/rshah98626/anaconda3/envs/myenv1/lib/python3.6/site-packages/keras/backend/tensorflow_backend.py:3445: calling dropout (from tensorflow.python.ops.nn_ops) with keep_prob is deprecated and will be removed in a future version.
Instructions for updating:
Please use `rate` instead of `keep_prob`. Rate should be set to `rate = 1 - keep_prob`.
WARNING:tensorflow:From /home/rshah98626/anaconda3/envs/myenv1/lib/python3.6/site-packages/tensorflow/python/ops/math_ops.py:3066: to_int32 (from tensorflow.python.ops.math_ops) is deprecated and will be removed in a future version.
Instructions for updating:
Use tf.cast instead.
2019-05-15 18:20:48.295493: I tensorflow/core/platform/cpu_feature_guard.cc:141] Your CPU supports instructions that this TensorFlow binary was not compiled to use: SSE4.1 SSE4.2 AVX AVX2 FMA
2019-05-15 18:20:48.303218: I tensorflow/core/platform/profile_utils/cpu_utils.cc:94] CPU Frequency: 2300000000 Hz
2019-05-15 18:20:48.304173: I tensorflow/compiler/xla/service/service.cc:150] XLA service 0x5651d430c900 executing computations on platform Host. Devices:
2019-05-15 18:20:48.304205: I tensorflow/compiler/xla/service/service.cc:158]   StreamExecutor device (0): <undefined>, <undefined>
2019-05-15 18:20:50.369014: I tensorflow/stream_executor/cuda/cuda_gpu_executor.cc:998] successful NUMA node read from SysFS had negative value (-1), but there must be at least one NUMA node, so returning NUMA node zero
2019-05-15 18:20:50.369587: I tensorflow/compiler/xla/service/service.cc:150] XLA service 0x5651d43e3050 executing computations on platform CUDA. Devices:
2019-05-15 18:20:50.369628: I tensorflow/compiler/xla/service/service.cc:158]   StreamExecutor device (0): Tesla K80, Compute Capability 3.7
2019-05-15 18:20:50.370044: I tensorflow/core/common_runtime/gpu/gpu_device.cc:1433] Found device 0 with properties: 
name: Tesla K80 major: 3 minor: 7 memoryClockRate(GHz): 0.8235
pciBusID: 0000:00:04.0
totalMemory: 11.17GiB freeMemory: 11.10GiB
2019-05-15 18:20:50.370082: I tensorflow/core/common_runtime/gpu/gpu_device.cc:1512] Adding visible gpu devices: 0
2019-05-15 18:20:50.370929: I tensorflow/core/common_runtime/gpu/gpu_device.cc:984] Device interconnect StreamExecutor with strength 1 edge matrix:
2019-05-15 18:20:50.370948: I tensorflow/core/common_runtime/gpu/gpu_device.cc:990]      0 
2019-05-15 18:20:50.370956: I tensorflow/core/common_runtime/gpu/gpu_device.cc:1003] 0:   N 
2019-05-15 18:20:50.371227: I tensorflow/core/common_runtime/gpu/gpu_device.cc:1115] Created TensorFlow device (/job:localhost/replica:0/task:0/device:GPU:0 with 10801 MB memory) -> physical GPU (device: 0, name: Tesla K80, pci bus id: 0000:00:04.0, compute capability: 3.7)
2019-05-15 18:20:51.865665: I tensorflow/stream_executor/dso_loader.cc:152] successfully opened CUDA library libcublas.so.9.2 locally
Finished 3 fpz
Using TensorFlow backend.
WARNING:tensorflow:From /home/rshah98626/anaconda3/envs/myenv1/lib/python3.6/site-packages/tensorflow/python/framework/op_def_library.py:263: colocate_with (from tensorflow.python.framework.ops) is deprecated and will be removed in a future version.
Instructions for updating:
Colocations handled automatically by placer.
WARNING:tensorflow:From /home/rshah98626/anaconda3/envs/myenv1/lib/python3.6/site-packages/keras/backend/tensorflow_backend.py:3445: calling dropout (from tensorflow.python.ops.nn_ops) with keep_prob is deprecated and will be removed in a future version.
Instructions for updating:
Please use `rate` instead of `keep_prob`. Rate should be set to `rate = 1 - keep_prob`.
WARNING:tensorflow:From /home/rshah98626/anaconda3/envs/myenv1/lib/python3.6/site-packages/tensorflow/python/ops/math_ops.py:3066: to_int32 (from tensorflow.python.ops.math_ops) is deprecated and will be removed in a future version.
Instructions for updating:
Use tf.cast instead.
2019-05-15 18:33:31.631986: I tensorflow/core/platform/cpu_feature_guard.cc:141] Your CPU supports instructions that this TensorFlow binary was not compiled to use: SSE4.1 SSE4.2 AVX AVX2 FMA
2019-05-15 18:33:31.640079: I tensorflow/core/platform/profile_utils/cpu_utils.cc:94] CPU Frequency: 2300000000 Hz
2019-05-15 18:33:31.641099: I tensorflow/compiler/xla/service/service.cc:150] XLA service 0x5559372be7a0 executing computations on platform Host. Devices:
2019-05-15 18:33:31.641129: I tensorflow/compiler/xla/service/service.cc:158]   StreamExecutor device (0): <undefined>, <undefined>
2019-05-15 18:33:33.663096: I tensorflow/stream_executor/cuda/cuda_gpu_executor.cc:998] successful NUMA node read from SysFS had negative value (-1), but there must be at least one NUMA node, so returning NUMA node zero
2019-05-15 18:33:33.663643: I tensorflow/compiler/xla/service/service.cc:150] XLA service 0x555937394ee0 executing computations on platform CUDA. Devices:
2019-05-15 18:33:33.663699: I tensorflow/compiler/xla/service/service.cc:158]   StreamExecutor device (0): Tesla K80, Compute Capability 3.7
2019-05-15 18:33:33.664206: I tensorflow/core/common_runtime/gpu/gpu_device.cc:1433] Found device 0 with properties: 
name: Tesla K80 major: 3 minor: 7 memoryClockRate(GHz): 0.8235
pciBusID: 0000:00:04.0
totalMemory: 11.17GiB freeMemory: 11.10GiB
2019-05-15 18:33:33.664254: I tensorflow/core/common_runtime/gpu/gpu_device.cc:1512] Adding visible gpu devices: 0
2019-05-15 18:33:33.665341: I tensorflow/core/common_runtime/gpu/gpu_device.cc:984] Device interconnect StreamExecutor with strength 1 edge matrix:
2019-05-15 18:33:33.665366: I tensorflow/core/common_runtime/gpu/gpu_device.cc:990]      0 
2019-05-15 18:33:33.665376: I tensorflow/core/common_runtime/gpu/gpu_device.cc:1003] 0:   N 
2019-05-15 18:33:33.665694: I tensorflow/core/common_runtime/gpu/gpu_device.cc:1115] Created TensorFlow device (/job:localhost/replica:0/task:0/device:GPU:0 with 10801 MB memory) -> physical GPU (device: 0, name: Tesla K80, pci bus id: 0000:00:04.0, compute capability: 3.7)
2019-05-15 18:33:35.189978: I tensorflow/stream_executor/dso_loader.cc:152] successfully opened CUDA library libcublas.so.9.2 locally
Finished 3 eog
Using TensorFlow backend.
WARNING:tensorflow:From /home/rshah98626/anaconda3/envs/myenv1/lib/python3.6/site-packages/tensorflow/python/framework/op_def_library.py:263: colocate_with (from tensorflow.python.framework.ops) is deprecated and will be removed in a future version.
Instructions for updating:
Colocations handled automatically by placer.
WARNING:tensorflow:From /home/rshah98626/anaconda3/envs/myenv1/lib/python3.6/site-packages/keras/backend/tensorflow_backend.py:3445: calling dropout (from tensorflow.python.ops.nn_ops) with keep_prob is deprecated and will be removed in a future version.
Instructions for updating:
Please use `rate` instead of `keep_prob`. Rate should be set to `rate = 1 - keep_prob`.
WARNING:tensorflow:From /home/rshah98626/anaconda3/envs/myenv1/lib/python3.6/site-packages/tensorflow/python/ops/math_ops.py:3066: to_int32 (from tensorflow.python.ops.math_ops) is deprecated and will be removed in a future version.
Instructions for updating:
Use tf.cast instead.
2019-05-15 18:46:19.920221: I tensorflow/core/platform/cpu_feature_guard.cc:141] Your CPU supports instructions that this TensorFlow binary was not compiled to use: SSE4.1 SSE4.2 AVX AVX2 FMA
2019-05-15 18:46:19.927827: I tensorflow/core/platform/profile_utils/cpu_utils.cc:94] CPU Frequency: 2300000000 Hz
2019-05-15 18:46:19.928830: I tensorflow/compiler/xla/service/service.cc:150] XLA service 0x55b46dca4930 executing computations on platform Host. Devices:
2019-05-15 18:46:19.928872: I tensorflow/compiler/xla/service/service.cc:158]   StreamExecutor device (0): <undefined>, <undefined>
2019-05-15 18:46:21.933467: I tensorflow/stream_executor/cuda/cuda_gpu_executor.cc:998] successful NUMA node read from SysFS had negative value (-1), but there must be at least one NUMA node, so returning NUMA node zero
2019-05-15 18:46:21.934052: I tensorflow/compiler/xla/service/service.cc:150] XLA service 0x55b46dd7b070 executing computations on platform CUDA. Devices:
2019-05-15 18:46:21.934096: I tensorflow/compiler/xla/service/service.cc:158]   StreamExecutor device (0): Tesla K80, Compute Capability 3.7
2019-05-15 18:46:21.934518: I tensorflow/core/common_runtime/gpu/gpu_device.cc:1433] Found device 0 with properties: 
name: Tesla K80 major: 3 minor: 7 memoryClockRate(GHz): 0.8235
pciBusID: 0000:00:04.0
totalMemory: 11.17GiB freeMemory: 11.10GiB
2019-05-15 18:46:21.934550: I tensorflow/core/common_runtime/gpu/gpu_device.cc:1512] Adding visible gpu devices: 0
2019-05-15 18:46:21.935372: I tensorflow/core/common_runtime/gpu/gpu_device.cc:984] Device interconnect StreamExecutor with strength 1 edge matrix:
2019-05-15 18:46:21.935396: I tensorflow/core/common_runtime/gpu/gpu_device.cc:990]      0 
2019-05-15 18:46:21.935406: I tensorflow/core/common_runtime/gpu/gpu_device.cc:1003] 0:   N 
2019-05-15 18:46:21.935699: I tensorflow/core/common_runtime/gpu/gpu_device.cc:1115] Created TensorFlow device (/job:localhost/replica:0/task:0/device:GPU:0 with 10801 MB memory) -> physical GPU (device: 0, name: Tesla K80, pci bus id: 0000:00:04.0, compute capability: 3.7)
2019-05-15 18:46:23.415600: I tensorflow/stream_executor/dso_loader.cc:152] successfully opened CUDA library libcublas.so.9.2 locally
Finished 3 both
